#
# A fatal error has been detected by the Java Runtime Environment:
#
#  EXCEPTION_ACCESS_VIOLATION (0xc0000005) at pc=0x00007ff86c62c233, pid=9384, tid=9312
#
# JRE version: OpenJDK Runtime Environment (11.0.15) (build 11.0.15+0-b2043.56-9505619)
# Java VM: OpenJDK 64-Bit Server VM (11.0.15+0-b2043.56-9505619, mixed mode, tiered, compressed oops, g1 gc, windows-amd64)
# Problematic frame:
# V  [jvm.dll+0x37c233]
#
# No core dump will be written. Minidumps are not enabled by default on client versions of Windows
#
# If you would like to submit a bug report, please visit:
#   https://bugreport.java.com/bugreport/crash.jsp
#

---------------  S U M M A R Y ------------

Command Line: --add-opens=java.base/java.util=ALL-UNNAMED --add-opens=java.base/java.lang=ALL-UNNAMED --add-opens=java.base/java.lang.invoke=ALL-UNNAMED --add-opens=java.base/java.util=ALL-UNNAMED --add-opens=java.prefs/java.util.prefs=ALL-UNNAMED --add-opens=java.prefs/java.util.prefs=ALL-UNNAMED --add-opens=java.base/java.nio.charset=ALL-UNNAMED --add-opens=java.base/java.net=ALL-UNNAMED --add-opens=java.base/java.util.concurrent.atomic=ALL-UNNAMED -Xmx2048m -Dfile.encoding=UTF-8 -Duser.country=US -Duser.language=en -Duser.variant org.gradle.launcher.daemon.bootstrap.GradleDaemon 7.5

Host: Intel(R) Core(TM) i3-3210 CPU @ 3.20GHz, 4 cores, 7G,  Windows 10 , 64 bit Build 19041 (10.0.19041.2546)
Time: Wed Apr 12 13:25:58 2023 India Standard Time elapsed time: 20.745108 seconds (0d 0h 0m 20s)

---------------  T H R E A D  ---------------

Current thread (0x00000284866e6000):  JavaThread "C2 CompilerThread0" daemon [_thread_in_native, id=9312, stack(0x000000ba42d00000,0x000000ba42e00000)]


Current CompileTask:
C2:  20745 5640       4       org.objectweb.asm.SymbolTable::addConstantMemberReference (147 bytes)

Stack: [0x000000ba42d00000,0x000000ba42e00000],  sp=0x000000ba42dfb6c0,  free space=1005k
Native frames: (J=compiled Java code, j=interpreted, Vv=VM code, C=native code)
V  [jvm.dll+0x37c233]
V  [jvm.dll+0x375c8c]
V  [jvm.dll+0x1b3948]
V  [jvm.dll+0x22163e]
V  [jvm.dll+0x220498]
V  [jvm.dll+0x19e851]
V  [jvm.dll+0x230479]
V  [jvm.dll+0x22e5ef]
V  [jvm.dll+0x794de1]
V  [jvm.dll+0x78dc24]
V  [jvm.dll+0x6400f6]
C  [ucrtbase.dll+0x21bb2]
C  [KERNEL32.DLL+0x17614]
C  [ntdll.dll+0x526a1]


siginfo: EXCEPTION_ACCESS_VIOLATION (0xc0000005), reading address 0x0000028c897c7160


Register to memory mapping:

RIP=0x00007ff86c62c233 jvm.dll
RAX=0x0000028488499ee0 points into unknown readable memory: 0x000002848849b7e0 | e0 b7 49 88 84 02 00 00
RBX=0x000000ba42dfb7f0 is pointing into the stack for thread: 0x00000284866e6000
RCX=0x0000028488499ec0 points into unknown readable memory: 0x0000000000000000 | 00 00 00 00 00 00 00 00
RDX=0x0000000000000010 is an unknown value
RSP=0x000000ba42dfb6c0 is pointing into the stack for thread: 0x00000284866e6000
RBP=0x000000ba42dfe310 is pointing into the stack for thread: 0x00000284866e6000
RSI=0x0000000000000050 is an unknown value
RDI=0x000000000000000a is an unknown value
R8 =0x000000000000001d is an unknown value
R9 =0x0 is NULL
R10=0x0000028488499e00 points into unknown readable memory: 0x0000000000000000 | 00 00 00 00 00 00 00 00
R11=0x0 is NULL
R12=0x0000028486688800 points into unknown readable memory: 0x00000284866dba80 | 80 ba 6d 86 84 02 00 00
R13=0x00007ff86cd97a40 jvm.dll
R14=0x0000028c897c7160 is an unknown value
R15=0x000002848ce6fbc0 points into unknown readable memory: 0x000000000000000f | 0f 00 00 00 00 00 00 00


Registers:
RAX=0x0000028488499ee0, RBX=0x000000ba42dfb7f0, RCX=0x0000028488499ec0, RDX=0x0000000000000010
RSP=0x000000ba42dfb6c0, RBP=0x000000ba42dfe310, RSI=0x0000000000000050, RDI=0x000000000000000a
R8 =0x000000000000001d, R9 =0x0000000000000000, R10=0x0000028488499e00, R11=0x0000000000000000
R12=0x0000028486688800, R13=0x00007ff86cd97a40, R14=0x0000028c897c7160, R15=0x000002848ce6fbc0
RIP=0x00007ff86c62c233, EFLAGS=0x0000000000010206

Top of Stack: (sp=0x000000ba42dfb6c0)
0x000000ba42dfb6c0:   00001bca00000000 0000000000000008
0x000000ba42dfb6d0:   0000028488499e00 00007ff86c811d04
0x000000ba42dfb6e0:   0000000000000003 00000284874e0cf0
0x000000ba42dfb6f0:   0000000000000003 000000ba42dfb810
0x000000ba42dfb700:   000000ba42dfbdc0 00007ff86c625c8c
0x000000ba42dfb710:   000002848931ae08 0000000000000000
0x000000ba42dfb720:   0000000000000007 00000284866df370
0x000000ba42dfb730:   000000ba42dfb770 0000000000000006
0x000000ba42dfb740:   00000003ffffffff 0000028400000007
0x000000ba42dfb750:   0000000300000007 0000000d00000007
0x000000ba42dfb760:   0000000000000000 000f423f00000002
0x000000ba42dfb770:   0000000300000000 0000000e00000000
0x000000ba42dfb780:   0000000000000000 0000000000000066
0x000000ba42dfb790:   000002848931ae08 0000000000000000
0x000000ba42dfb7a0:   00000284881327cc 00000284881327d4
0x000000ba42dfb7b0:   00001bca00000000 0000028400000008 

Instructions: (pc=0x00007ff86c62c233)
0x00007ff86c62c133:   a8 08 00 00 48 8b 4f 18 48 3b c1 73 16 4c 8d 05
0x00007ff86c62c143:   09 e9 51 00 48 8b d6 48 8b cf e8 2e 62 d4 ff 48
0x00007ff86c62c153:   8b 4f 18 48 8d 04 31 48 3b 47 20 76 13 45 33 c0
0x00007ff86c62c163:   48 8b d6 48 8b cf e8 62 5e d4 ff 48 8b c8 eb 04
0x00007ff86c62c173:   48 89 47 18 ba 10 00 00 00 33 ff 48 89 4b 08 39
0x00007ff86c62c183:   bb 90 00 00 00 0f 86 df 00 00 00 65 48 8b 04 25
0x00007ff86c62c193:   58 00 00 00 4c 89 64 24 50 4c 89 6c 24 58 4c 8d
0x00007ff86c62c1a3:   2d 98 b8 76 00 4c 89 74 24 60 4c 8d 24 e8 0f 1f
0x00007ff86c62c1b3:   40 00 66 66 66 0f 1f 84 00 00 00 00 00 49 8b 47
0x00007ff86c62c1c3:   08 48 8d 34 fd 00 00 00 00 4c 8b 34 06 4d 3b f5
0x00007ff86c62c1d3:   75 0a 48 8b 43 08 4c 89 2c 06 eb 6c 49 8b 2c 24
0x00007ff86c62c1e3:   8b c2 80 3c 28 00 75 05 e8 54 92 48 00 b8 08 00
0x00007ff86c62c1f3:   00 00 48 8b 0c 28 48 8b 81 e8 04 00 00 48 8b a8
0x00007ff86c62c203:   80 00 00 00 48 8b 8d b0 08 00 00 48 85 c9 75 0c
0x00007ff86c62c213:   e8 88 0c 00 00 48 8b 8d b0 08 00 00 48 8b 01 0f
0x00007ff86c62c223:   57 c0 48 89 85 b0 08 00 00 0f 11 01 0f 11 41 10
0x00007ff86c62c233:   41 0f 10 06 0f 11 01 41 0f 10 4e 10 0f 11 49 10
0x00007ff86c62c243:   48 8b 43 08 48 89 0c 06 ff c7 ba 10 00 00 00 3b
0x00007ff86c62c253:   bb 90 00 00 00 0f 82 62 ff ff ff 4c 8b 74 24 60
0x00007ff86c62c263:   4c 8b 6c 24 58 4c 8b 64 24 50 48 8b c3 48 83 c4
0x00007ff86c62c273:   20 41 5f 5f 5e 5d 5b c3 cc cc cc cc cc 8b 02 45
0x00007ff86c62c283:   33 c0 44 89 01 c7 41 08 08 00 00 00 85 c0 75 12
0x00007ff86c62c293:   c7 41 18 01 00 00 00 48 8b c1 c7 41 28 01 00 00
0x00007ff86c62c2a3:   00 c3 44 89 41 04 44 89 41 18 8b 82 90 00 00 00
0x00007ff86c62c2b3:   89 41 28 4c 89 41 10 48 8b 42 08 48 89 41 20 48
0x00007ff86c62c2c3:   8b c1 48 89 51 30 c3 cc cc cc cc cc cc 40 53 48
0x00007ff86c62c2d3:   83 ec 20 8b 51 08 48 8b d9 83 fa 08 73 2a 4c 8b
0x00007ff86c62c2e3:   51 10 66 66 66 0f 1f 84 00 00 00 00 00 44 8b ca
0x00007ff86c62c2f3:   44 8d 42 01 43 83 3c 8a 00 0f 85 98 00 00 00 41
0x00007ff86c62c303:   8b d0 41 83 f8 08 72 e5 8b 41 28 48 89 74 24 30
0x00007ff86c62c313:   48 89 7c 24 38 8b 79 18 3b f8 73 5f 48 8d 35 1a
0x00007ff86c62c323:   b7 76 00 66 66 0f 1f 84 00 00 00 00 00 48 8b 43 


Stack slot to memory mapping:
stack at sp + 0 slots: 0x00001bca00000000 is an unknown value
stack at sp + 1 slots: 0x0000000000000008 is an unknown value
stack at sp + 2 slots: 0x0000028488499e00 points into unknown readable memory: 0x0000000000000000 | 00 00 00 00 00 00 00 00
stack at sp + 3 slots: 0x00007ff86c811d04 jvm.dll
stack at sp + 4 slots: 0x0000000000000003 is an unknown value
stack at sp + 5 slots: 0x00000284874e0cf0 points into unknown readable memory: 0x00007ff86cb50628 | 28 06 b5 6c f8 7f 00 00
stack at sp + 6 slots: 0x0000000000000003 is an unknown value
stack at sp + 7 slots: 0x000000ba42dfb810 is pointing into the stack for thread: 0x00000284866e6000


---------------  P R O C E S S  ---------------

Threads class SMR info:
_java_thread_list=0x00000284895ba460, length=78, elements={
0x00000284eca69000, 0x00000284866c2000, 0x00000284866c6000, 0x0000028487053800,
0x00000284866e0000, 0x00000284866e1800, 0x00000284866e6000, 0x00000284866eb800,
0x00000284866f1000, 0x000002848719b000, 0x000002848a059000, 0x0000028488fed800,
0x0000028488f91000, 0x000002848937f800, 0x00000284885c5800, 0x0000028489206000,
0x0000028487256000, 0x000002848a0aa000, 0x0000028488693800, 0x000002848a056000,
0x0000028488eae800, 0x0000028488ea9800, 0x0000028488ea8800, 0x0000028488ead800,
0x0000028488eac000, 0x0000028488eaf000, 0x0000028488eac800, 0x0000028488eab000,
0x0000028488eaa800, 0x00000284898dd000, 0x00000284898de000, 0x00000284898df000,
0x00000284898db800, 0x00000284898dc800, 0x00000284898da800, 0x00000284898e2000,
0x00000284898e6000, 0x00000284898e4800, 0x00000284898e5800, 0x00000284898e0800,
0x00000284898e7000, 0x00000284898e3800, 0x00000284898e1800, 0x00000284898e3000,
0x00000284898e8000, 0x000002848acab800, 0x000002848acb0000, 0x000002848acae800,
0x000002848acad000, 0x000002848acb1000, 0x000002848acac000, 0x000002848acb2000,
0x000002848acb3800, 0x000002848acaf800, 0x000002848acad800, 0x000002848acb7800,
0x000002848acb6800, 0x000002848acb8800, 0x000002848acb2800, 0x000002848acba000,
0x000002848acb9000, 0x000002848acb5000, 0x000002848acb4000, 0x000002848acb6000,
0x00000284898c3800, 0x00000284898c2000, 0x00000284898c3000, 0x00000284898c4800,
0x00000284898c5000, 0x00000284898c6000, 0x00000284898c0800, 0x00000284898c7000,
0x00000284898c1000, 0x00000284898cb000, 0x00000284898cd800, 0x00000284898cc800,
0x00000284898c7800, 0x0000028488411800
}

Java Threads: ( => current thread )
  0x00000284eca69000 JavaThread "main" [_thread_blocked, id=7184, stack(0x000000ba42100000,0x000000ba42200000)]
  0x00000284866c2000 JavaThread "Reference Handler" daemon [_thread_blocked, id=10236, stack(0x000000ba42800000,0x000000ba42900000)]
  0x00000284866c6000 JavaThread "Finalizer" daemon [_thread_blocked, id=9488, stack(0x000000ba42900000,0x000000ba42a00000)]
  0x0000028487053800 JavaThread "Signal Dispatcher" daemon [_thread_blocked, id=6632, stack(0x000000ba42a00000,0x000000ba42b00000)]
  0x00000284866e0000 JavaThread "Attach Listener" daemon [_thread_blocked, id=10232, stack(0x000000ba42b00000,0x000000ba42c00000)]
  0x00000284866e1800 JavaThread "Service Thread" daemon [_thread_blocked, id=7732, stack(0x000000ba42c00000,0x000000ba42d00000)]
=>0x00000284866e6000 JavaThread "C2 CompilerThread0" daemon [_thread_in_native, id=9312, stack(0x000000ba42d00000,0x000000ba42e00000)]
  0x00000284866eb800 JavaThread "C1 CompilerThread0" daemon [_thread_blocked, id=7772, stack(0x000000ba42e00000,0x000000ba42f00000)]
  0x00000284866f1000 JavaThread "Sweeper thread" daemon [_thread_blocked, id=7188, stack(0x000000ba42f00000,0x000000ba43000000)]
  0x000002848719b000 JavaThread "Common-Cleaner" daemon [_thread_blocked, id=3488, stack(0x000000ba43000000,0x000000ba43100000)]
  0x000002848a059000 JavaThread "Daemon health stats" [_thread_blocked, id=7544, stack(0x000000ba43500000,0x000000ba43600000)]
  0x0000028488fed800 JavaThread "Incoming local TCP Connector on port 49928" [_thread_in_native, id=7532, stack(0x000000ba43600000,0x000000ba43700000)]
  0x0000028488f91000 JavaThread "Daemon periodic checks" [_thread_blocked, id=6232, stack(0x000000ba43700000,0x000000ba43800000)]
  0x000002848937f800 JavaThread "Daemon" [_thread_blocked, id=3068, stack(0x000000ba43800000,0x000000ba43900000)]
  0x00000284885c5800 JavaThread "Handler for socket connection from /127.0.0.1:49928 to /127.0.0.1:49929" [_thread_in_native, id=1280, stack(0x000000ba43900000,0x000000ba43a00000)]
  0x0000028489206000 JavaThread "Cancel handler" [_thread_blocked, id=6776, stack(0x000000ba43200000,0x000000ba43300000)]
  0x0000028487256000 JavaThread "Daemon worker" [_thread_in_native, id=10212, stack(0x000000ba43a00000,0x000000ba43b00000)]
  0x000002848a0aa000 JavaThread "Asynchronous log dispatcher for DefaultDaemonConnection: socket connection from /127.0.0.1:49928 to /127.0.0.1:49929" [_thread_blocked, id=10228, stack(0x000000ba43b00000,0x000000ba43c00000)]
  0x0000028488693800 JavaThread "Stdin handler" [_thread_blocked, id=10200, stack(0x000000ba43c00000,0x000000ba43d00000)]
  0x000002848a056000 JavaThread "Daemon client event forwarder" [_thread_blocked, id=10196, stack(0x000000ba43d00000,0x000000ba43e00000)]
  0x0000028488eae800 JavaThread "Cache worker for journal cache (C:\Users\ccs-46\.gradle\caches\journal-1)" [_thread_blocked, id=9552, stack(0x000000ba43f00000,0x000000ba44000000)]
  0x0000028488ea9800 JavaThread "File lock request listener" [_thread_in_native, id=9548, stack(0x000000ba44000000,0x000000ba44100000)]
  0x0000028488ea8800 JavaThread "Cache worker for file hash cache (C:\Users\ccs-46\.gradle\caches\7.5\fileHashes)" [_thread_blocked, id=9348, stack(0x000000ba44100000,0x000000ba44200000)]
  0x0000028488ead800 JavaThread "File watcher server" daemon [_thread_in_native, id=9408, stack(0x000000ba44200000,0x000000ba44300000)]
  0x0000028488eac000 JavaThread "File watcher consumer" daemon [_thread_blocked, id=9400, stack(0x000000ba44300000,0x000000ba44400000)]
  0x0000028488eaf000 JavaThread "Cache worker for checksums cache (C:\Users\ccs-46\AndroidStudioProjects\SnackOrdering\.gradle\7.5\checksums)" [_thread_blocked, id=9444, stack(0x000000ba44400000,0x000000ba44500000)]
  0x0000028488eac800 JavaThread "Cache worker for cache directory md-rule (C:\Users\ccs-46\.gradle\caches\7.5\md-rule)" [_thread_blocked, id=6816, stack(0x000000ba44500000,0x000000ba44600000)]
  0x0000028488eab000 JavaThread "Cache worker for file content cache (C:\Users\ccs-46\.gradle\caches\7.5\fileContent)" [_thread_blocked, id=9512, stack(0x000000ba44600000,0x000000ba44700000)]
  0x0000028488eaa800 JavaThread "Cache worker for file hash cache (C:\Users\ccs-46\AndroidStudioProjects\SnackOrdering\.gradle\7.5\fileHashes)" [_thread_blocked, id=5648, stack(0x000000ba44700000,0x000000ba44800000)]
  0x00000284898dd000 JavaThread "Cache worker for cache directory md-supplier (C:\Users\ccs-46\.gradle\caches\7.5\md-supplier)" [_thread_blocked, id=9948, stack(0x000000ba44800000,0x000000ba44900000)]
  0x00000284898de000 JavaThread "Cache worker for execution history cache (C:\Users\ccs-46\.gradle\caches\7.5\executionHistory)" [_thread_blocked, id=9912, stack(0x000000ba44900000,0x000000ba44a00000)]
  0x00000284898df000 JavaThread "jar transforms" [_thread_blocked, id=5824, stack(0x000000ba44a00000,0x000000ba44b00000)]
  0x00000284898db800 JavaThread "jar transforms Thread 2" [_thread_blocked, id=9744, stack(0x000000ba44b00000,0x000000ba44c00000)]
  0x00000284898dc800 JavaThread "jar transforms Thread 3" [_thread_blocked, id=9740, stack(0x000000ba44d00000,0x000000ba44e00000)]
  0x00000284898da800 JavaThread "jar transforms Thread 4" [_thread_blocked, id=4784, stack(0x000000ba44e00000,0x000000ba44f00000)]
  0x00000284898e2000 JavaThread "Cache worker for dependencies-accessors (C:\Users\ccs-46\AndroidStudioProjects\SnackOrdering\.gradle\7.5\dependencies-accessors)" [_thread_blocked, id=9620, stack(0x000000ba44f00000,0x000000ba45000000)]
  0x00000284898e6000 JavaThread "Cache worker for Build Output Cleanup Cache (C:\Users\ccs-46\AndroidStudioProjects\SnackOrdering\.gradle\buildOutputCleanup)" [_thread_blocked, id=9508, stack(0x000000ba44c00000,0x000000ba44d00000)]
  0x00000284898e4800 JavaThread "Unconstrained build operations" [_thread_blocked, id=9720, stack(0x000000ba45100000,0x000000ba45200000)]
  0x00000284898e5800 JavaThread "Unconstrained build operations Thread 2" [_thread_blocked, id=7832, stack(0x000000ba45200000,0x000000ba45300000)]
  0x00000284898e0800 JavaThread "Unconstrained build operations Thread 3" [_thread_blocked, id=7724, stack(0x000000ba45300000,0x000000ba45400000)]
  0x00000284898e7000 JavaThread "Unconstrained build operations Thread 4" [_thread_blocked, id=2016, stack(0x000000ba45400000,0x000000ba45500000)]
  0x00000284898e3800 JavaThread "Unconstrained build operations Thread 5" [_thread_blocked, id=5776, stack(0x000000ba45500000,0x000000ba45600000)]
  0x00000284898e1800 JavaThread "Unconstrained build operations Thread 6" [_thread_blocked, id=648, stack(0x000000ba45600000,0x000000ba45700000)]
  0x00000284898e3000 JavaThread "Unconstrained build operations Thread 7" [_thread_blocked, id=5756, stack(0x000000ba45700000,0x000000ba45800000)]
  0x00000284898e8000 JavaThread "Unconstrained build operations Thread 8" [_thread_blocked, id=9920, stack(0x000000ba45800000,0x000000ba45900000)]
  0x000002848acab800 JavaThread "Unconstrained build operations Thread 9" [_thread_blocked, id=5520, stack(0x000000ba45900000,0x000000ba45a00000)]
  0x000002848acb0000 JavaThread "Unconstrained build operations Thread 10" [_thread_blocked, id=4612, stack(0x000000ba45a00000,0x000000ba45b00000)]
  0x000002848acae800 JavaThread "Unconstrained build operations Thread 11" [_thread_blocked, id=6228, stack(0x000000ba45b00000,0x000000ba45c00000)]
  0x000002848acad000 JavaThread "Unconstrained build operations Thread 12" [_thread_blocked, id=7236, stack(0x000000ba45c00000,0x000000ba45d00000)]
  0x000002848acb1000 JavaThread "Unconstrained build operations Thread 13" [_thread_blocked, id=7216, stack(0x000000ba45d00000,0x000000ba45e00000)]
  0x000002848acac000 JavaThread "Unconstrained build operations Thread 14" [_thread_blocked, id=9572, stack(0x000000ba45e00000,0x000000ba45f00000)]
  0x000002848acb2000 JavaThread "Unconstrained build operations Thread 15" [_thread_blocked, id=8068, stack(0x000000ba45f00000,0x000000ba46000000)]
  0x000002848acb3800 JavaThread "Unconstrained build operations Thread 16" [_thread_blocked, id=7096, stack(0x000000ba46000000,0x000000ba46100000)]
  0x000002848acaf800 JavaThread "Unconstrained build operations Thread 17" [_thread_blocked, id=9412, stack(0x000000ba46100000,0x000000ba46200000)]
  0x000002848acad800 JavaThread "Unconstrained build operations Thread 18" [_thread_blocked, id=9288, stack(0x000000ba46200000,0x000000ba46300000)]
  0x000002848acb7800 JavaThread "Unconstrained build operations Thread 19" [_thread_blocked, id=9284, stack(0x000000ba46300000,0x000000ba46400000)]
  0x000002848acb6800 JavaThread "Unconstrained build operations Thread 20" [_thread_blocked, id=7452, stack(0x000000ba46400000,0x000000ba46500000)]
  0x000002848acb8800 JavaThread "Unconstrained build operations Thread 21" [_thread_blocked, id=9688, stack(0x000000ba46500000,0x000000ba46600000)]
  0x000002848acb2800 JavaThread "Unconstrained build operations Thread 22" [_thread_blocked, id=9724, stack(0x000000ba46600000,0x000000ba46700000)]
  0x000002848acba000 JavaThread "Unconstrained build operations Thread 23" [_thread_blocked, id=9332, stack(0x000000ba46700000,0x000000ba46800000)]
  0x000002848acb9000 JavaThread "Unconstrained build operations Thread 24" [_thread_blocked, id=9056, stack(0x000000ba46800000,0x000000ba46900000)]
  0x000002848acb5000 JavaThread "Unconstrained build operations Thread 25" [_thread_blocked, id=9916, stack(0x000000ba46900000,0x000000ba46a00000)]
  0x000002848acb4000 JavaThread "Unconstrained build operations Thread 26" [_thread_blocked, id=6832, stack(0x000000ba46a00000,0x000000ba46b00000)]
  0x000002848acb6000 JavaThread "Unconstrained build operations Thread 27" [_thread_blocked, id=6488, stack(0x000000ba46b00000,0x000000ba46c00000)]
  0x00000284898c3800 JavaThread "Unconstrained build operations Thread 28" [_thread_blocked, id=8696, stack(0x000000ba46c00000,0x000000ba46d00000)]
  0x00000284898c2000 JavaThread "Unconstrained build operations Thread 29" [_thread_blocked, id=6096, stack(0x000000ba46d00000,0x000000ba46e00000)]
  0x00000284898c3000 JavaThread "Unconstrained build operations Thread 30" [_thread_blocked, id=9220, stack(0x000000ba46e00000,0x000000ba46f00000)]
  0x00000284898c4800 JavaThread "Unconstrained build operations Thread 31" [_thread_blocked, id=9228, stack(0x000000ba46f00000,0x000000ba47000000)]
  0x00000284898c5000 JavaThread "Unconstrained build operations Thread 32" [_thread_blocked, id=9236, stack(0x000000ba47000000,0x000000ba47100000)]
  0x00000284898c6000 JavaThread "Unconstrained build operations Thread 33" [_thread_blocked, id=7596, stack(0x000000ba47100000,0x000000ba47200000)]
  0x00000284898c0800 JavaThread "Unconstrained build operations Thread 34" [_thread_blocked, id=9352, stack(0x000000ba47200000,0x000000ba47300000)]
  0x00000284898c7000 JavaThread "Unconstrained build operations Thread 35" [_thread_blocked, id=5252, stack(0x000000ba47300000,0x000000ba47400000)]
  0x00000284898c1000 JavaThread "Unconstrained build operations Thread 36" [_thread_blocked, id=8352, stack(0x000000ba47400000,0x000000ba47500000)]
  0x00000284898cb000 JavaThread "Unconstrained build operations Thread 37" [_thread_blocked, id=1880, stack(0x000000ba47500000,0x000000ba47600000)]
  0x00000284898cd800 JavaThread "Unconstrained build operations Thread 38" [_thread_blocked, id=7284, stack(0x000000ba47600000,0x000000ba47700000)]
  0x00000284898cc800 JavaThread "Unconstrained build operations Thread 39" [_thread_blocked, id=6040, stack(0x000000ba47700000,0x000000ba47800000)]
  0x00000284898c7800 JavaThread "Unconstrained build operations Thread 40" [_thread_blocked, id=2408, stack(0x000000ba47800000,0x000000ba47900000)]
  0x0000028488411800 JavaThread "C2 CompilerThread1" daemon [_thread_in_native, id=9232, stack(0x000000ba45000000,0x000000ba45100000)]

Other Threads:
  0x00000284866bd800 VMThread "VM Thread" [stack: 0x000000ba42700000,0x000000ba42800000] [id=5108]
  0x000002848719e800 WatcherThread [stack: 0x000000ba43100000,0x000000ba43200000] [id=2692]
  0x00000284ea9fc000 GCTaskThread "GC Thread#0" [stack: 0x000000ba42200000,0x000000ba42300000] [id=8084]
  0x0000028487283800 GCTaskThread "GC Thread#1" [stack: 0x000000ba43300000,0x000000ba43400000] [id=9732]
  0x000002848790d800 GCTaskThread "GC Thread#2" [stack: 0x000000ba43400000,0x000000ba43500000] [id=9764]
  0x00000284891c4800 GCTaskThread "GC Thread#3" [stack: 0x000000ba43e00000,0x000000ba43f00000] [id=9252]
  0x00000284ecaaf000 ConcurrentGCThread "G1 Main Marker" [stack: 0x000000ba42300000,0x000000ba42400000] [id=7124]
  0x00000284ecab0000 ConcurrentGCThread "G1 Conc#0" [stack: 0x000000ba42400000,0x000000ba42500000] [id=6092]
  0x00000284ecb3d800 ConcurrentGCThread "G1 Refine#0" [stack: 0x000000ba42500000,0x000000ba42600000] [id=4436]
  0x00000284ecb3e800 ConcurrentGCThread "G1 Young RemSet Sampling" [stack: 0x000000ba42600000,0x000000ba42700000] [id=1900]

Threads with active compile tasks:
C2 CompilerThread0    20923 5640       4       org.objectweb.asm.SymbolTable::addConstantMemberReference (147 bytes)
C2 CompilerThread1    20923 5676       4       java.net.URLClassLoader$1::run (5 bytes)

VM state:not at safepoint (normal execution)

VM Mutex/Monitor currently owned by a thread: None

Heap address: 0x0000000080000000, size: 2048 MB, Compressed Oops mode: 32-bit
Narrow klass base: 0x0000000000000000, Narrow klass shift: 3
Compressed class space size: 1073741824 Address: 0x0000000100000000

Heap:
 garbage-first heap   total 157696K, used 107298K [0x0000000080000000, 0x0000000100000000)
  region size 1024K, 78 young (79872K), 10 survivors (10240K)
 Metaspace       used 53234K, capacity 54662K, committed 54832K, reserved 1097728K
  class space    used 6758K, capacity 7284K, committed 7296K, reserved 1048576K
Heap Regions: E=young(eden), S=young(survivor), O=old, HS=humongous(starts), HC=humongous(continues), CS=collection set, F=free, A=archive, TAMS=top-at-mark-start (previous, next)
|   0|0x0000000080000000, 0x0000000080100000, 0x0000000080100000|100%|HS|  |TAMS 0x0000000080100000, 0x0000000080000000| Complete 
|   1|0x0000000080100000, 0x0000000080200000, 0x0000000080200000|100%|HC|  |TAMS 0x0000000080200000, 0x0000000080100000| Complete 
|   2|0x0000000080200000, 0x0000000080300000, 0x0000000080300000|100%|HC|  |TAMS 0x0000000080300000, 0x0000000080200000| Complete 
|   3|0x0000000080300000, 0x0000000080400000, 0x0000000080400000|100%| O|  |TAMS 0x0000000080400000, 0x0000000080300000| Untracked 
|   4|0x0000000080400000, 0x0000000080500000, 0x0000000080500000|100%| O|  |TAMS 0x0000000080500000, 0x0000000080400000| Untracked 
|   5|0x0000000080500000, 0x0000000080600000, 0x0000000080600000|100%| O|  |TAMS 0x0000000080600000, 0x0000000080500000| Untracked 
|   6|0x0000000080600000, 0x0000000080700000, 0x0000000080700000|100%| O|  |TAMS 0x0000000080700000, 0x0000000080600000| Untracked 
|   7|0x0000000080700000, 0x0000000080800000, 0x0000000080800000|100%| O|  |TAMS 0x0000000080800000, 0x0000000080700000| Untracked 
|   8|0x0000000080800000, 0x0000000080900000, 0x0000000080900000|100%| O|  |TAMS 0x0000000080900000, 0x0000000080800000| Untracked 
|   9|0x0000000080900000, 0x0000000080a00000, 0x0000000080a00000|100%| O|  |TAMS 0x0000000080a00000, 0x0000000080900000| Untracked 
|  10|0x0000000080a00000, 0x0000000080b00000, 0x0000000080b00000|100%| O|  |TAMS 0x0000000080b00000, 0x0000000080a00000| Untracked 
|  11|0x0000000080b00000, 0x0000000080c00000, 0x0000000080c00000|100%| O|  |TAMS 0x0000000080c00000, 0x0000000080b00000| Untracked 
|  12|0x0000000080c00000, 0x0000000080d00000, 0x0000000080d00000|100%| O|  |TAMS 0x0000000080d00000, 0x0000000080c00000| Untracked 
|  13|0x0000000080d00000, 0x0000000080e00000, 0x0000000080e00000|100%| O|  |TAMS 0x0000000080e00000, 0x0000000080d00000| Untracked 
|  14|0x0000000080e00000, 0x0000000080f00000, 0x0000000080f00000|100%| O|  |TAMS 0x0000000080f00000, 0x0000000080e00000| Untracked 
|  15|0x0000000080f00000, 0x0000000081000000, 0x0000000081000000|100%| O|  |TAMS 0x0000000081000000, 0x0000000080f00000| Untracked 
|  16|0x0000000081000000, 0x0000000081100000, 0x0000000081100000|100%|HS|  |TAMS 0x0000000081000000, 0x0000000081000000| Complete 
|  17|0x0000000081100000, 0x0000000081200000, 0x0000000081200000|100%| O|  |TAMS 0x0000000081100000, 0x0000000081100000| Untracked 
|  18|0x0000000081200000, 0x0000000081300000, 0x0000000081300000|100%| O|  |TAMS 0x0000000081200000, 0x0000000081200000| Untracked 
|  19|0x0000000081300000, 0x0000000081400000, 0x0000000081400000|100%| O|  |TAMS 0x0000000081300000, 0x0000000081300000| Untracked 
|  20|0x0000000081400000, 0x0000000081500000, 0x0000000081500000|100%| O|  |TAMS 0x0000000081400000, 0x0000000081400000| Untracked 
|  21|0x0000000081500000, 0x0000000081600000, 0x0000000081600000|100%| O|  |TAMS 0x0000000081500000, 0x0000000081500000| Untracked 
|  22|0x0000000081600000, 0x0000000081700000, 0x0000000081700000|100%| O|  |TAMS 0x0000000081600000, 0x0000000081600000| Untracked 
|  23|0x0000000081700000, 0x0000000081751400, 0x0000000081800000| 31%| O|  |TAMS 0x0000000081700000, 0x0000000081700000| Untracked 
|  24|0x0000000081800000, 0x0000000081900000, 0x0000000081900000|100%|HS|  |TAMS 0x0000000081800000, 0x0000000081800000| Complete 
|  25|0x0000000081900000, 0x0000000081a00000, 0x0000000081a00000|100%|HS|  |TAMS 0x0000000081900000, 0x0000000081900000| Complete 
|  26|0x0000000081a00000, 0x0000000081b00000, 0x0000000081b00000|100%|HS|  |TAMS 0x0000000081a00000, 0x0000000081a00000| Complete 
|  27|0x0000000081b00000, 0x0000000081c00000, 0x0000000081c00000|100%|HC|  |TAMS 0x0000000081b00000, 0x0000000081b00000| Complete 
|  28|0x0000000081c00000, 0x0000000081d00000, 0x0000000081d00000|100%|HC|  |TAMS 0x0000000081c00000, 0x0000000081c00000| Complete 
|  29|0x0000000081d00000, 0x0000000081e00000, 0x0000000081e00000|100%|HS|  |TAMS 0x0000000081d00000, 0x0000000081d00000| Complete 
|  30|0x0000000081e00000, 0x0000000081e00000, 0x0000000081f00000|  0%| F|  |TAMS 0x0000000081e00000, 0x0000000081e00000| Untracked 
|  31|0x0000000081f00000, 0x0000000081f00000, 0x0000000082000000|  0%| F|  |TAMS 0x0000000081f00000, 0x0000000081f00000| Untracked 
|  32|0x0000000082000000, 0x0000000082000000, 0x0000000082100000|  0%| F|  |TAMS 0x0000000082000000, 0x0000000082000000| Untracked 
|  33|0x0000000082100000, 0x0000000082100000, 0x0000000082200000|  0%| F|  |TAMS 0x0000000082100000, 0x0000000082100000| Untracked 
|  34|0x0000000082200000, 0x0000000082200000, 0x0000000082300000|  0%| F|  |TAMS 0x0000000082200000, 0x0000000082200000| Untracked 
|  35|0x0000000082300000, 0x0000000082300000, 0x0000000082400000|  0%| F|  |TAMS 0x0000000082300000, 0x0000000082300000| Untracked 
|  36|0x0000000082400000, 0x0000000082400000, 0x0000000082500000|  0%| F|  |TAMS 0x0000000082400000, 0x0000000082400000| Untracked 
|  37|0x0000000082500000, 0x0000000082500000, 0x0000000082600000|  0%| F|  |TAMS 0x0000000082500000, 0x0000000082500000| Untracked 
|  38|0x0000000082600000, 0x0000000082600000, 0x0000000082700000|  0%| F|  |TAMS 0x0000000082600000, 0x0000000082600000| Untracked 
|  39|0x0000000082700000, 0x0000000082700000, 0x0000000082800000|  0%| F|  |TAMS 0x0000000082700000, 0x0000000082700000| Untracked 
|  40|0x0000000082800000, 0x0000000082800000, 0x0000000082900000|  0%| F|  |TAMS 0x0000000082800000, 0x0000000082800000| Untracked 
|  41|0x0000000082900000, 0x0000000082900000, 0x0000000082a00000|  0%| F|  |TAMS 0x0000000082900000, 0x0000000082900000| Untracked 
|  42|0x0000000082a00000, 0x0000000082a00000, 0x0000000082b00000|  0%| F|  |TAMS 0x0000000082a00000, 0x0000000082a00000| Untracked 
|  43|0x0000000082b00000, 0x0000000082b00000, 0x0000000082c00000|  0%| F|  |TAMS 0x0000000082b00000, 0x0000000082b00000| Untracked 
|  44|0x0000000082c00000, 0x0000000082c00000, 0x0000000082d00000|  0%| F|  |TAMS 0x0000000082c00000, 0x0000000082c00000| Untracked 
|  45|0x0000000082d00000, 0x0000000082d00000, 0x0000000082e00000|  0%| F|  |TAMS 0x0000000082d00000, 0x0000000082d00000| Untracked 
|  46|0x0000000082e00000, 0x0000000082e00000, 0x0000000082f00000|  0%| F|  |TAMS 0x0000000082e00000, 0x0000000082e00000| Untracked 
|  47|0x0000000082f00000, 0x0000000082f00000, 0x0000000083000000|  0%| F|  |TAMS 0x0000000082f00000, 0x0000000082f00000| Untracked 
|  48|0x0000000083000000, 0x0000000083000000, 0x0000000083100000|  0%| F|  |TAMS 0x0000000083000000, 0x0000000083000000| Untracked 
|  49|0x0000000083100000, 0x0000000083100000, 0x0000000083200000|  0%| F|  |TAMS 0x0000000083100000, 0x0000000083100000| Untracked 
|  50|0x0000000083200000, 0x0000000083200000, 0x0000000083300000|  0%| F|  |TAMS 0x0000000083200000, 0x0000000083200000| Untracked 
|  51|0x0000000083300000, 0x0000000083300000, 0x0000000083400000|  0%| F|  |TAMS 0x0000000083300000, 0x0000000083300000| Untracked 
|  52|0x0000000083400000, 0x0000000083400000, 0x0000000083500000|  0%| F|  |TAMS 0x0000000083400000, 0x0000000083400000| Untracked 
|  53|0x0000000083500000, 0x0000000083500000, 0x0000000083600000|  0%| F|  |TAMS 0x0000000083500000, 0x0000000083500000| Untracked 
|  54|0x0000000083600000, 0x0000000083600000, 0x0000000083700000|  0%| F|  |TAMS 0x0000000083600000, 0x0000000083600000| Untracked 
|  55|0x0000000083700000, 0x0000000083777740, 0x0000000083800000| 46%| S|CS|TAMS 0x0000000083700000, 0x0000000083700000| Complete 
|  56|0x0000000083800000, 0x0000000083900000, 0x0000000083900000|100%| S|CS|TAMS 0x0000000083800000, 0x0000000083800000| Complete 
|  57|0x0000000083900000, 0x0000000083a00000, 0x0000000083a00000|100%| S|CS|TAMS 0x0000000083900000, 0x0000000083900000| Complete 
|  58|0x0000000083a00000, 0x0000000083b00000, 0x0000000083b00000|100%| S|CS|TAMS 0x0000000083a00000, 0x0000000083a00000| Complete 
|  59|0x0000000083b00000, 0x0000000083c00000, 0x0000000083c00000|100%| S|CS|TAMS 0x0000000083b00000, 0x0000000083b00000| Complete 
|  60|0x0000000083c00000, 0x0000000083c00000, 0x0000000083d00000|  0%| F|  |TAMS 0x0000000083c00000, 0x0000000083c00000| Untracked 
|  61|0x0000000083d00000, 0x0000000083d00000, 0x0000000083e00000|  0%| F|  |TAMS 0x0000000083d00000, 0x0000000083d00000| Untracked 
|  62|0x0000000083e00000, 0x0000000083e00000, 0x0000000083f00000|  0%| F|  |TAMS 0x0000000083e00000, 0x0000000083e00000| Untracked 
|  63|0x0000000083f00000, 0x0000000083f00000, 0x0000000084000000|  0%| F|  |TAMS 0x0000000083f00000, 0x0000000083f00000| Untracked 
|  64|0x0000000084000000, 0x0000000084000000, 0x0000000084100000|  0%| F|  |TAMS 0x0000000084000000, 0x0000000084000000| Untracked 
|  65|0x0000000084100000, 0x0000000084100000, 0x0000000084200000|  0%| F|  |TAMS 0x0000000084100000, 0x0000000084100000| Untracked 
|  66|0x0000000084200000, 0x0000000084200000, 0x0000000084300000|  0%| F|  |TAMS 0x0000000084200000, 0x0000000084200000| Untracked 
|  67|0x0000000084300000, 0x0000000084300000, 0x0000000084400000|  0%| F|  |TAMS 0x0000000084300000, 0x0000000084300000| Untracked 
|  68|0x0000000084400000, 0x0000000084400000, 0x0000000084500000|  0%| F|  |TAMS 0x0000000084400000, 0x0000000084400000| Untracked 
|  69|0x0000000084500000, 0x0000000084500000, 0x0000000084600000|  0%| F|  |TAMS 0x0000000084500000, 0x0000000084500000| Untracked 
|  70|0x0000000084600000, 0x0000000084600000, 0x0000000084700000|  0%| F|  |TAMS 0x0000000084600000, 0x0000000084600000| Untracked 
|  71|0x0000000084700000, 0x0000000084800000, 0x0000000084800000|100%| S|CS|TAMS 0x0000000084700000, 0x0000000084700000| Complete 
|  72|0x0000000084800000, 0x0000000084900000, 0x0000000084900000|100%| S|CS|TAMS 0x0000000084800000, 0x0000000084800000| Complete 
|  73|0x0000000084900000, 0x0000000084a00000, 0x0000000084a00000|100%| S|CS|TAMS 0x0000000084900000, 0x0000000084900000| Complete 
|  74|0x0000000084a00000, 0x0000000084b00000, 0x0000000084b00000|100%| S|CS|TAMS 0x0000000084a00000, 0x0000000084a00000| Complete 
|  75|0x0000000084b00000, 0x0000000084c00000, 0x0000000084c00000|100%| S|CS|TAMS 0x0000000084b00000, 0x0000000084b00000| Complete 
|  76|0x0000000084c00000, 0x0000000084c00000, 0x0000000084d00000|  0%| F|  |TAMS 0x0000000084c00000, 0x0000000084c00000| Untracked 
|  77|0x0000000084d00000, 0x0000000084d00000, 0x0000000084e00000|  0%| F|  |TAMS 0x0000000084d00000, 0x0000000084d00000| Untracked 
|  78|0x0000000084e00000, 0x0000000084e00000, 0x0000000084f00000|  0%| F|  |TAMS 0x0000000084e00000, 0x0000000084e00000| Untracked 
|  79|0x0000000084f00000, 0x0000000084f00000, 0x0000000085000000|  0%| F|  |TAMS 0x0000000084f00000, 0x0000000084f00000| Untracked 
|  80|0x0000000085000000, 0x0000000085000000, 0x0000000085100000|  0%| F|  |TAMS 0x0000000085000000, 0x0000000085000000| Untracked 
|  81|0x0000000085100000, 0x0000000085100000, 0x0000000085200000|  0%| F|  |TAMS 0x0000000085100000, 0x0000000085100000| Untracked 
|  82|0x0000000085200000, 0x0000000085200000, 0x0000000085300000|  0%| F|  |TAMS 0x0000000085200000, 0x0000000085200000| Untracked 
|  83|0x0000000085300000, 0x0000000085300000, 0x0000000085400000|  0%| F|  |TAMS 0x0000000085300000, 0x0000000085300000| Untracked 
|  84|0x0000000085400000, 0x0000000085400000, 0x0000000085500000|  0%| F|  |TAMS 0x0000000085400000, 0x0000000085400000| Untracked 
|  85|0x0000000085500000, 0x0000000085500000, 0x0000000085600000|  0%| F|  |TAMS 0x0000000085500000, 0x0000000085500000| Untracked 
|  86|0x0000000085600000, 0x0000000085680bc0, 0x0000000085700000| 50%| E|  |TAMS 0x0000000085600000, 0x0000000085600000| Complete 
|  87|0x0000000085700000, 0x0000000085800000, 0x0000000085800000|100%| E|CS|TAMS 0x0000000085700000, 0x0000000085700000| Complete 
|  88|0x0000000085800000, 0x0000000085900000, 0x0000000085900000|100%| E|CS|TAMS 0x0000000085800000, 0x0000000085800000| Complete 
|  89|0x0000000085900000, 0x0000000085a00000, 0x0000000085a00000|100%| E|CS|TAMS 0x0000000085900000, 0x0000000085900000| Complete 
|  90|0x0000000085a00000, 0x0000000085b00000, 0x0000000085b00000|100%| E|CS|TAMS 0x0000000085a00000, 0x0000000085a00000| Complete 
|  91|0x0000000085b00000, 0x0000000085c00000, 0x0000000085c00000|100%| E|CS|TAMS 0x0000000085b00000, 0x0000000085b00000| Complete 
|  92|0x0000000085c00000, 0x0000000085d00000, 0x0000000085d00000|100%| E|CS|TAMS 0x0000000085c00000, 0x0000000085c00000| Complete 
|  93|0x0000000085d00000, 0x0000000085e00000, 0x0000000085e00000|100%| E|CS|TAMS 0x0000000085d00000, 0x0000000085d00000| Complete 
|  94|0x0000000085e00000, 0x0000000085f00000, 0x0000000085f00000|100%| E|CS|TAMS 0x0000000085e00000, 0x0000000085e00000| Complete 
|  95|0x0000000085f00000, 0x0000000086000000, 0x0000000086000000|100%| E|CS|TAMS 0x0000000085f00000, 0x0000000085f00000| Complete 
|  96|0x0000000086000000, 0x0000000086100000, 0x0000000086100000|100%| E|CS|TAMS 0x0000000086000000, 0x0000000086000000| Complete 
|  97|0x0000000086100000, 0x0000000086200000, 0x0000000086200000|100%| E|CS|TAMS 0x0000000086100000, 0x0000000086100000| Complete 
|  98|0x0000000086200000, 0x0000000086300000, 0x0000000086300000|100%| E|CS|TAMS 0x0000000086200000, 0x0000000086200000| Complete 
|  99|0x0000000086300000, 0x0000000086400000, 0x0000000086400000|100%| E|CS|TAMS 0x0000000086300000, 0x0000000086300000| Complete 
| 100|0x0000000086400000, 0x0000000086500000, 0x0000000086500000|100%| E|CS|TAMS 0x0000000086400000, 0x0000000086400000| Complete 
| 101|0x0000000086500000, 0x0000000086600000, 0x0000000086600000|100%| E|CS|TAMS 0x0000000086500000, 0x0000000086500000| Complete 
| 102|0x0000000086600000, 0x0000000086700000, 0x0000000086700000|100%| E|CS|TAMS 0x0000000086600000, 0x0000000086600000| Complete 
| 103|0x0000000086700000, 0x0000000086800000, 0x0000000086800000|100%| E|CS|TAMS 0x0000000086700000, 0x0000000086700000| Complete 
| 104|0x0000000086800000, 0x0000000086900000, 0x0000000086900000|100%| E|CS|TAMS 0x0000000086800000, 0x0000000086800000| Complete 
| 105|0x0000000086900000, 0x0000000086a00000, 0x0000000086a00000|100%| E|CS|TAMS 0x0000000086900000, 0x0000000086900000| Complete 
| 106|0x0000000086a00000, 0x0000000086b00000, 0x0000000086b00000|100%| E|CS|TAMS 0x0000000086a00000, 0x0000000086a00000| Complete 
| 107|0x0000000086b00000, 0x0000000086c00000, 0x0000000086c00000|100%| E|CS|TAMS 0x0000000086b00000, 0x0000000086b00000| Complete 
| 108|0x0000000086c00000, 0x0000000086d00000, 0x0000000086d00000|100%| E|CS|TAMS 0x0000000086c00000, 0x0000000086c00000| Complete 
| 109|0x0000000086d00000, 0x0000000086e00000, 0x0000000086e00000|100%| E|CS|TAMS 0x0000000086d00000, 0x0000000086d00000| Complete 
| 110|0x0000000086e00000, 0x0000000086f00000, 0x0000000086f00000|100%| E|CS|TAMS 0x0000000086e00000, 0x0000000086e00000| Complete 
| 111|0x0000000086f00000, 0x0000000087000000, 0x0000000087000000|100%| E|CS|TAMS 0x0000000086f00000, 0x0000000086f00000| Complete 
| 112|0x0000000087000000, 0x0000000087100000, 0x0000000087100000|100%| E|CS|TAMS 0x0000000087000000, 0x0000000087000000| Complete 
| 113|0x0000000087100000, 0x0000000087200000, 0x0000000087200000|100%| E|CS|TAMS 0x0000000087100000, 0x0000000087100000| Complete 
| 114|0x0000000087200000, 0x0000000087300000, 0x0000000087300000|100%| E|CS|TAMS 0x0000000087200000, 0x0000000087200000| Complete 
| 115|0x0000000087300000, 0x0000000087400000, 0x0000000087400000|100%| E|  |TAMS 0x0000000087300000, 0x0000000087300000| Complete 
| 116|0x0000000087400000, 0x0000000087500000, 0x0000000087500000|100%| E|CS|TAMS 0x0000000087400000, 0x0000000087400000| Complete 
| 117|0x0000000087500000, 0x0000000087600000, 0x0000000087600000|100%| E|CS|TAMS 0x0000000087500000, 0x0000000087500000| Complete 
| 118|0x0000000087600000, 0x0000000087700000, 0x0000000087700000|100%| E|CS|TAMS 0x0000000087600000, 0x0000000087600000| Complete 
| 119|0x0000000087700000, 0x0000000087800000, 0x0000000087800000|100%| E|CS|TAMS 0x0000000087700000, 0x0000000087700000| Complete 
| 120|0x0000000087800000, 0x0000000087900000, 0x0000000087900000|100%| E|CS|TAMS 0x0000000087800000, 0x0000000087800000| Complete 
| 121|0x0000000087900000, 0x0000000087a00000, 0x0000000087a00000|100%| E|CS|TAMS 0x0000000087900000, 0x0000000087900000| Complete 
| 122|0x0000000087a00000, 0x0000000087b00000, 0x0000000087b00000|100%| E|CS|TAMS 0x0000000087a00000, 0x0000000087a00000| Complete 
| 123|0x0000000087b00000, 0x0000000087c00000, 0x0000000087c00000|100%| E|CS|TAMS 0x0000000087b00000, 0x0000000087b00000| Complete 
| 124|0x0000000087c00000, 0x0000000087d00000, 0x0000000087d00000|100%| E|CS|TAMS 0x0000000087c00000, 0x0000000087c00000| Complete 
| 125|0x0000000087d00000, 0x0000000087e00000, 0x0000000087e00000|100%| E|CS|TAMS 0x0000000087d00000, 0x0000000087d00000| Complete 
| 126|0x0000000087e00000, 0x0000000087f00000, 0x0000000087f00000|100%| E|CS|TAMS 0x0000000087e00000, 0x0000000087e00000| Complete 
| 127|0x0000000087f00000, 0x0000000088000000, 0x0000000088000000|100%| E|CS|TAMS 0x0000000087f00000, 0x0000000087f00000| Complete 
| 128|0x0000000088000000, 0x0000000088100000, 0x0000000088100000|100%| E|CS|TAMS 0x0000000088000000, 0x0000000088000000| Complete 
| 129|0x0000000088100000, 0x0000000088200000, 0x0000000088200000|100%| E|CS|TAMS 0x0000000088100000, 0x0000000088100000| Complete 
| 130|0x0000000088200000, 0x0000000088300000, 0x0000000088300000|100%| E|CS|TAMS 0x0000000088200000, 0x0000000088200000| Complete 
| 131|0x0000000088300000, 0x0000000088400000, 0x0000000088400000|100%| E|CS|TAMS 0x0000000088300000, 0x0000000088300000| Complete 
| 132|0x0000000088400000, 0x0000000088500000, 0x0000000088500000|100%| E|CS|TAMS 0x0000000088400000, 0x0000000088400000| Complete 
| 133|0x0000000088500000, 0x0000000088600000, 0x0000000088600000|100%| E|CS|TAMS 0x0000000088500000, 0x0000000088500000| Complete 
| 134|0x0000000088600000, 0x0000000088700000, 0x0000000088700000|100%| E|CS|TAMS 0x0000000088600000, 0x0000000088600000| Complete 
| 135|0x0000000088700000, 0x0000000088800000, 0x0000000088800000|100%| E|CS|TAMS 0x0000000088700000, 0x0000000088700000| Complete 
| 136|0x0000000088800000, 0x0000000088900000, 0x0000000088900000|100%| E|CS|TAMS 0x0000000088800000, 0x0000000088800000| Complete 
| 137|0x0000000088900000, 0x0000000088a00000, 0x0000000088a00000|100%| E|CS|TAMS 0x0000000088900000, 0x0000000088900000| Complete 
| 138|0x0000000088a00000, 0x0000000088b00000, 0x0000000088b00000|100%| E|CS|TAMS 0x0000000088a00000, 0x0000000088a00000| Complete 
| 139|0x0000000088b00000, 0x0000000088c00000, 0x0000000088c00000|100%| E|CS|TAMS 0x0000000088b00000, 0x0000000088b00000| Complete 
| 140|0x0000000088c00000, 0x0000000088d00000, 0x0000000088d00000|100%| E|CS|TAMS 0x0000000088c00000, 0x0000000088c00000| Complete 
| 141|0x0000000088d00000, 0x0000000088e00000, 0x0000000088e00000|100%| E|CS|TAMS 0x0000000088d00000, 0x0000000088d00000| Complete 
| 142|0x0000000088e00000, 0x0000000088f00000, 0x0000000088f00000|100%| E|CS|TAMS 0x0000000088e00000, 0x0000000088e00000| Complete 
| 143|0x0000000088f00000, 0x0000000089000000, 0x0000000089000000|100%| E|CS|TAMS 0x0000000088f00000, 0x0000000088f00000| Complete 
| 144|0x0000000089000000, 0x0000000089100000, 0x0000000089100000|100%| E|CS|TAMS 0x0000000089000000, 0x0000000089000000| Complete 
| 145|0x0000000089100000, 0x0000000089200000, 0x0000000089200000|100%| E|CS|TAMS 0x0000000089100000, 0x0000000089100000| Complete 
| 146|0x0000000089200000, 0x0000000089300000, 0x0000000089300000|100%| E|CS|TAMS 0x0000000089200000, 0x0000000089200000| Complete 
| 147|0x0000000089300000, 0x0000000089400000, 0x0000000089400000|100%| E|CS|TAMS 0x0000000089300000, 0x0000000089300000| Complete 
| 148|0x0000000089400000, 0x0000000089500000, 0x0000000089500000|100%| E|CS|TAMS 0x0000000089400000, 0x0000000089400000| Complete 
| 149|0x0000000089500000, 0x0000000089600000, 0x0000000089600000|100%| E|CS|TAMS 0x0000000089500000, 0x0000000089500000| Complete 
| 150|0x0000000089600000, 0x0000000089700000, 0x0000000089700000|100%| E|CS|TAMS 0x0000000089600000, 0x0000000089600000| Complete 
| 151|0x0000000089700000, 0x0000000089800000, 0x0000000089800000|100%| E|CS|TAMS 0x0000000089700000, 0x0000000089700000| Complete 
| 152|0x0000000089800000, 0x0000000089900000, 0x0000000089900000|100%| E|CS|TAMS 0x0000000089800000, 0x0000000089800000| Complete 
| 153|0x0000000089900000, 0x0000000089a00000, 0x0000000089a00000|100%| E|CS|TAMS 0x0000000089900000, 0x0000000089900000| Complete 

Card table byte_map: [0x00000284ff990000,0x00000284ffd90000] _byte_map_base: 0x00000284ff590000

Marking Bits (Prev, Next): (CMBitMap*) 0x00000284ecaa6488, (CMBitMap*) 0x00000284ecaa64c0
 Prev Bits: [0x0000028480400000, 0x0000028482400000)
 Next Bits: [0x0000028482400000, 0x0000028484400000)

Polling page: 0x00000284eaa40000

Metaspace:

Usage:
  Non-class:     46.27 MB capacity,    45.39 MB ( 98%) used,   748.16 KB (  2%) free+waste,   146.75 KB ( <1%) overhead. 
      Class:      7.14 MB capacity,     6.60 MB ( 92%) used,   485.86 KB (  7%) free+waste,    69.94 KB ( <1%) overhead. 
       Both:     53.41 MB capacity,    52.00 MB ( 97%) used,     1.21 MB (  2%) free+waste,   216.69 KB ( <1%) overhead. 

Virtual space:
  Non-class space:       48.00 MB reserved,      46.42 MB ( 97%) committed 
      Class space:        1.00 GB reserved,       7.25 MB ( <1%) committed 
             Both:        1.05 GB reserved,      53.67 MB (  5%) committed 

Chunk freelists:
   Non-Class:  30.00 KB
       Class:  12.00 KB
        Both:  42.00 KB

MaxMetaspaceSize: 17179869184.00 GB
CompressedClassSpaceSize: 1.00 GB
Initial GC threshold: 20.80 MB
Current GC threshold: 58.83 MB
CDS: off

CodeHeap 'non-profiled nmethods': size=120064Kb used=3075Kb max_used=3075Kb free=116988Kb
 bounds [0x00000284f8050000, 0x00000284f8360000, 0x00000284ff590000]
CodeHeap 'profiled nmethods': size=120000Kb used=11634Kb max_used=11634Kb free=108365Kb
 bounds [0x00000284f0b20000, 0x00000284f1680000, 0x00000284f8050000]
CodeHeap 'non-nmethods': size=5696Kb used=2308Kb max_used=2329Kb free=3387Kb
 bounds [0x00000284f0590000, 0x00000284f0800000, 0x00000284f0b20000]
 total_blobs=6491 nmethods=5678 adapters=725
 compilation: enabled
              stopped_count=0, restarted_count=0
 full_count=0

Compilation events (20 events):
Event: 20.478 Thread 0x0000028488411800 nmethod 5641 0x00000284f834ee10 code [0x00000284f834f020, 0x00000284f834f900]
Event: 20.481 Thread 0x00000284866eb800 nmethod 5666 0x00000284f1675910 code [0x00000284f1675ca0, 0x00000284f1677dd8]
Event: 20.481 Thread 0x00000284866eb800 5667       3       java.util.Arrays::copyOf (19 bytes)
Event: 20.481 Thread 0x00000284866eb800 nmethod 5667 0x00000284f1678890 code [0x00000284f1678a60, 0x00000284f1678d48]
Event: 20.482 Thread 0x00000284866eb800 5668       3       java.lang.invoke.ClassSpecializer$SpeciesData::transformHelper (56 bytes)
Event: 20.482 Thread 0x00000284866eb800 nmethod 5668 0x00000284f1678e90 code [0x00000284f16790c0, 0x00000284f16799b8]
Event: 20.515 Thread 0x0000028488411800 5669       4       com.google.common.collect.MapMakerInternalMap::rehash (49 bytes)
Event: 20.515 Thread 0x0000028488411800 nmethod 5669 0x00000284f8350010 code [0x00000284f83501a0, 0x00000284f8350238]
Event: 20.531 Thread 0x00000284866eb800 5670       3       java.lang.String::getBytes (44 bytes)
Event: 20.532 Thread 0x00000284866eb800 nmethod 5670 0x00000284f1679c10 code [0x00000284f1679e00, 0x00000284f167a138]
Event: 20.540 Thread 0x00000284866eb800 5671       1       java.util.logging.Logger::getName (5 bytes)
Event: 20.540 Thread 0x00000284866eb800 nmethod 5671 0x00000284f8350310 code [0x00000284f83504c0, 0x00000284f8350578]
Event: 20.572 Thread 0x00000284866eb800 5672       3       java.lang.AbstractStringBuilder::append (45 bytes)
Event: 20.573 Thread 0x00000284866eb800 nmethod 5672 0x00000284f167a290 code [0x00000284f167a4c0, 0x00000284f167a9d8]
Event: 20.580 Thread 0x00000284866eb800 5673       3       java.lang.String::substring (58 bytes)
Event: 20.581 Thread 0x00000284866eb800 nmethod 5673 0x00000284f167ac10 code [0x00000284f167ae40, 0x00000284f167b4c8]
Event: 20.587 Thread 0x00000284866eb800 5674       1       com.google.common.collect.RegularImmutableList::internalArray (5 bytes)
Event: 20.587 Thread 0x00000284866eb800 nmethod 5674 0x00000284f8350610 code [0x00000284f83507c0, 0x00000284f8350878]
Event: 20.587 Thread 0x00000284866eb800 5675       1       com.google.common.collect.RegularImmutableList::internalArrayStart (2 bytes)
Event: 20.587 Thread 0x00000284866eb800 nmethod 5675 0x00000284f8350910 code [0x00000284f8350ac0, 0x00000284f8350b78]

GC Heap History (18 events):
Event: 0.677 GC heap before
{Heap before GC invocations=0 (full 0):
 garbage-first heap   total 131072K, used 16384K [0x0000000080000000, 0x0000000100000000)
  region size 1024K, 14 young (14336K), 0 survivors (0K)
 Metaspace       used 6733K, capacity 6929K, committed 7168K, reserved 1056768K
  class space    used 571K, capacity 650K, committed 768K, reserved 1048576K
}
Event: 0.682 GC heap after
{Heap after GC invocations=1 (full 0):
 garbage-first heap   total 131072K, used 3793K [0x0000000080000000, 0x0000000100000000)
  region size 1024K, 2 young (2048K), 2 survivors (2048K)
 Metaspace       used 6733K, capacity 6929K, committed 7168K, reserved 1056768K
  class space    used 571K, capacity 650K, committed 768K, reserved 1048576K
}
Event: 1.301 GC heap before
{Heap before GC invocations=1 (full 0):
 garbage-first heap   total 131072K, used 18129K [0x0000000080000000, 0x0000000100000000)
  region size 1024K, 14 young (14336K), 2 survivors (2048K)
 Metaspace       used 9911K, capacity 10122K, committed 10368K, reserved 1058816K
  class space    used 1011K, capacity 1102K, committed 1152K, reserved 1048576K
}
Event: 1.307 GC heap after
{Heap after GC invocations=2 (full 0):
 garbage-first heap   total 131072K, used 9326K [0x0000000080000000, 0x0000000100000000)
  region size 1024K, 2 young (2048K), 2 survivors (2048K)
 Metaspace       used 9911K, capacity 10122K, committed 10368K, reserved 1058816K
  class space    used 1011K, capacity 1102K, committed 1152K, reserved 1048576K
}
Event: 1.928 GC heap before
{Heap before GC invocations=2 (full 0):
 garbage-first heap   total 131072K, used 37998K [0x0000000080000000, 0x0000000100000000)
  region size 1024K, 29 young (29696K), 2 survivors (2048K)
 Metaspace       used 10918K, capacity 11141K, committed 11264K, reserved 1058816K
  class space    used 1113K, capacity 1207K, committed 1280K, reserved 1048576K
}
Event: 1.933 GC heap after
{Heap after GC invocations=3 (full 0):
 garbage-first heap   total 131072K, used 11907K [0x0000000080000000, 0x0000000100000000)
  region size 1024K, 4 young (4096K), 4 survivors (4096K)
 Metaspace       used 10918K, capacity 11141K, committed 11264K, reserved 1058816K
  class space    used 1113K, capacity 1207K, committed 1280K, reserved 1048576K
}
Event: 3.510 GC heap before
{Heap before GC invocations=3 (full 0):
 garbage-first heap   total 131072K, used 51843K [0x0000000080000000, 0x0000000100000000)
  region size 1024K, 43 young (44032K), 4 survivors (4096K)
 Metaspace       used 17798K, capacity 18199K, committed 18432K, reserved 1064960K
  class space    used 2072K, capacity 2241K, committed 2304K, reserved 1048576K
}
Event: 3.522 GC heap after
{Heap after GC invocations=4 (full 0):
 garbage-first heap   total 131072K, used 16442K [0x0000000080000000, 0x0000000100000000)
  region size 1024K, 6 young (6144K), 6 survivors (6144K)
 Metaspace       used 17798K, capacity 18199K, committed 18432K, reserved 1064960K
  class space    used 2072K, capacity 2241K, committed 2304K, reserved 1048576K
}
Event: 4.693 GC heap before
{Heap before GC invocations=4 (full 0):
 garbage-first heap   total 131072K, used 43066K [0x0000000080000000, 0x0000000100000000)
  region size 1024K, 33 young (33792K), 6 survivors (6144K)
 Metaspace       used 20800K, capacity 21191K, committed 21296K, reserved 1069056K
  class space    used 2522K, capacity 2685K, committed 2688K, reserved 1048576K
}
Event: 4.705 GC heap after
{Heap after GC invocations=5 (full 0):
 garbage-first heap   total 131072K, used 17682K [0x0000000080000000, 0x0000000100000000)
  region size 1024K, 2 young (2048K), 2 survivors (2048K)
 Metaspace       used 20800K, capacity 21191K, committed 21296K, reserved 1069056K
  class space    used 2522K, capacity 2685K, committed 2688K, reserved 1048576K
}
Event: 7.347 GC heap before
{Heap before GC invocations=6 (full 0):
 garbage-first heap   total 131072K, used 66834K [0x0000000080000000, 0x0000000100000000)
  region size 1024K, 50 young (51200K), 2 survivors (2048K)
 Metaspace       used 26011K, capacity 26597K, committed 26800K, reserved 1073152K
  class space    used 3367K, capacity 3581K, committed 3584K, reserved 1048576K
}
Event: 7.353 GC heap after
{Heap after GC invocations=7 (full 0):
 garbage-first heap   total 157696K, used 19243K [0x0000000080000000, 0x0000000100000000)
  region size 1024K, 3 young (3072K), 3 survivors (3072K)
 Metaspace       used 26011K, capacity 26597K, committed 26800K, reserved 1073152K
  class space    used 3367K, capacity 3581K, committed 3584K, reserved 1048576K
}
Event: 10.095 GC heap before
{Heap before GC invocations=7 (full 0):
 garbage-first heap   total 157696K, used 89899K [0x0000000080000000, 0x0000000100000000)
  region size 1024K, 73 young (74752K), 3 survivors (3072K)
 Metaspace       used 34828K, capacity 35736K, committed 35888K, reserved 1081344K
  class space    used 4550K, capacity 4887K, committed 4992K, reserved 1048576K
}
Event: 10.110 GC heap after
{Heap after GC invocations=8 (full 0):
 garbage-first heap   total 157696K, used 22450K [0x0000000080000000, 0x0000000100000000)
  region size 1024K, 6 young (6144K), 6 survivors (6144K)
 Metaspace       used 34828K, capacity 35736K, committed 35888K, reserved 1081344K
  class space    used 4550K, capacity 4887K, committed 4992K, reserved 1048576K
}
Event: 12.520 GC heap before
{Heap before GC invocations=9 (full 0):
 garbage-first heap   total 157696K, used 104370K [0x0000000080000000, 0x0000000100000000)
  region size 1024K, 83 young (84992K), 6 survivors (6144K)
 Metaspace       used 41845K, capacity 42800K, committed 43056K, reserved 1087488K
  class space    used 5317K, capacity 5679K, committed 5760K, reserved 1048576K
}
Event: 12.544 GC heap after
{Heap after GC invocations=10 (full 0):
 garbage-first heap   total 157696K, used 29144K [0x0000000080000000, 0x0000000100000000)
  region size 1024K, 11 young (11264K), 11 survivors (11264K)
 Metaspace       used 41845K, capacity 42800K, committed 43056K, reserved 1087488K
  class space    used 5317K, capacity 5679K, committed 5760K, reserved 1048576K
}
Event: 14.784 GC heap before
{Heap before GC invocations=10 (full 0):
 garbage-first heap   total 157696K, used 109016K [0x0000000080000000, 0x0000000100000000)
  region size 1024K, 89 young (91136K), 11 survivors (11264K)
 Metaspace       used 48684K, capacity 49995K, committed 50224K, reserved 1093632K
  class space    used 6224K, capacity 6728K, committed 6784K, reserved 1048576K
}
Event: 14.803 GC heap after
{Heap after GC invocations=11 (full 0):
 garbage-first heap   total 157696K, used 32546K [0x0000000080000000, 0x0000000100000000)
  region size 1024K, 10 young (10240K), 10 survivors (10240K)
 Metaspace       used 48684K, capacity 49995K, committed 50224K, reserved 1093632K
  class space    used 6224K, capacity 6728K, committed 6784K, reserved 1048576K
}

Deoptimization events (20 events):
Event: 20.456 Thread 0x0000028487256000 Uncommon trap: trap_request=0xffffff4d fr.pc=0x00000284f80a45f0 relative=0x0000000000000430
Event: 20.456 Thread 0x0000028487256000 Uncommon trap: reason=unstable_if action=reinterpret pc=0x00000284f80a45f0 method=java.lang.String.substring(II)Ljava/lang/String; @ 31 c2
Event: 20.456 Thread 0x0000028487256000 DEOPT PACKING pc=0x00000284f80a45f0 sp=0x000000ba43af52f0
Event: 20.456 Thread 0x0000028487256000 DEOPT UNPACKING pc=0x00000284f05da1af sp=0x000000ba43af52c0 mode 2
Event: 20.458 Thread 0x0000028487256000 Uncommon trap: trap_request=0xffffff4d fr.pc=0x00000284f8230938 relative=0x0000000000001278
Event: 20.458 Thread 0x0000028487256000 Uncommon trap: reason=unstable_if action=reinterpret pc=0x00000284f8230938 method=java.util.concurrent.ConcurrentHashMap.putVal(Ljava/lang/Object;Ljava/lang/Object;Z)Ljava/lang/Object; @ 245 c2
Event: 20.458 Thread 0x0000028487256000 DEOPT PACKING pc=0x00000284f8230938 sp=0x000000ba43af4bc0
Event: 20.458 Thread 0x0000028487256000 DEOPT UNPACKING pc=0x00000284f05da1af sp=0x000000ba43af4b48 mode 2
Event: 20.461 Thread 0x0000028487256000 Uncommon trap: trap_request=0xffffff4d fr.pc=0x00000284f80fea20 relative=0x0000000000000080
Event: 20.461 Thread 0x0000028487256000 Uncommon trap: reason=unstable_if action=reinterpret pc=0x00000284f80fea20 method=java.lang.CharacterDataLatin1.isWhitespace(I)Z @ 14 c2
Event: 20.461 Thread 0x0000028487256000 DEOPT PACKING pc=0x00000284f80fea20 sp=0x000000ba43af55b0
Event: 20.461 Thread 0x0000028487256000 DEOPT UNPACKING pc=0x00000284f05da1af sp=0x000000ba43af5520 mode 2
Event: 20.470 Thread 0x0000028487256000 Uncommon trap: trap_request=0xffffff4d fr.pc=0x00000284f8227d2c relative=0x00000000000003ec
Event: 20.470 Thread 0x0000028487256000 Uncommon trap: reason=unstable_if action=reinterpret pc=0x00000284f8227d2c method=java.lang.String.substring(I)Ljava/lang/String; @ 43 c2
Event: 20.470 Thread 0x0000028487256000 DEOPT PACKING pc=0x00000284f8227d2c sp=0x000000ba43af5620
Event: 20.470 Thread 0x0000028487256000 DEOPT UNPACKING pc=0x00000284f05da1af sp=0x000000ba43af55f8 mode 2
Event: 20.470 Thread 0x0000028487256000 Uncommon trap: trap_request=0xffffff4d fr.pc=0x00000284f80851dc relative=0x000000000000041c
Event: 20.470 Thread 0x0000028487256000 Uncommon trap: reason=unstable_if action=reinterpret pc=0x00000284f80851dc method=java.lang.AbstractStringBuilder.putStringAt(ILjava/lang/String;)V @ 8 c2
Event: 20.470 Thread 0x0000028487256000 DEOPT PACKING pc=0x00000284f80851dc sp=0x000000ba43af53d0
Event: 20.470 Thread 0x0000028487256000 DEOPT UNPACKING pc=0x00000284f05da1af sp=0x000000ba43af5330 mode 2

Classes redefined (0 events):
No events

Internal exceptions (20 events):
Event: 17.152 Thread 0x0000028487256000 Exception <a 'java/security/PrivilegedActionException'{0x0000000087768ae8}> (0x0000000087768ae8) thrown at [src/hotspot/share/prims/jvm.cpp, line 1306]
Event: 17.558 Thread 0x0000028487256000 Exception <a 'java/security/PrivilegedActionException'{0x0000000087657648}> (0x0000000087657648) thrown at [src/hotspot/share/prims/jvm.cpp, line 1306]
Event: 17.558 Thread 0x0000028487256000 Exception <a 'java/security/PrivilegedActionException'{0x0000000087658bb0}> (0x0000000087658bb0) thrown at [src/hotspot/share/prims/jvm.cpp, line 1306]
Event: 17.558 Thread 0x0000028487256000 Exception <a 'java/security/PrivilegedActionException'{0x000000008765ba50}> (0x000000008765ba50) thrown at [src/hotspot/share/prims/jvm.cpp, line 1306]
Event: 17.558 Thread 0x0000028487256000 Exception <a 'java/security/PrivilegedActionException'{0x000000008765cfb8}> (0x000000008765cfb8) thrown at [src/hotspot/share/prims/jvm.cpp, line 1306]
Event: 17.559 Thread 0x0000028487256000 Exception <a 'java/security/PrivilegedActionException'{0x000000008765ff10}> (0x000000008765ff10) thrown at [src/hotspot/share/prims/jvm.cpp, line 1306]
Event: 17.559 Thread 0x0000028487256000 Exception <a 'java/security/PrivilegedActionException'{0x0000000087661478}> (0x0000000087661478) thrown at [src/hotspot/share/prims/jvm.cpp, line 1306]
Event: 17.559 Thread 0x0000028487256000 Exception <a 'java/security/PrivilegedActionException'{0x0000000087664330}> (0x0000000087664330) thrown at [src/hotspot/share/prims/jvm.cpp, line 1306]
Event: 17.559 Thread 0x0000028487256000 Exception <a 'java/security/PrivilegedActionException'{0x0000000087665898}> (0x0000000087665898) thrown at [src/hotspot/share/prims/jvm.cpp, line 1306]
Event: 17.559 Thread 0x0000028487256000 Exception <a 'java/security/PrivilegedActionException'{0x0000000087668790}> (0x0000000087668790) thrown at [src/hotspot/share/prims/jvm.cpp, line 1306]
Event: 17.559 Thread 0x0000028487256000 Exception <a 'java/security/PrivilegedActionException'{0x0000000087669cf8}> (0x0000000087669cf8) thrown at [src/hotspot/share/prims/jvm.cpp, line 1306]
Event: 17.560 Thread 0x0000028487256000 Exception <a 'java/security/PrivilegedActionException'{0x000000008766cc50}> (0x000000008766cc50) thrown at [src/hotspot/share/prims/jvm.cpp, line 1306]
Event: 17.560 Thread 0x0000028487256000 Exception <a 'java/security/PrivilegedActionException'{0x000000008766e1b8}> (0x000000008766e1b8) thrown at [src/hotspot/share/prims/jvm.cpp, line 1306]
Event: 19.363 Thread 0x0000028487256000 Exception <a 'java/lang/ClassNotFoundException'{0x000000008703b9a8}: org/gradle/api/internal/plugins/DefaultObjectConfigurationActionBeanInfo> (0x000000008703b9a8) thrown at [src/hotspot/share/classfile/systemDictionary.cpp, line 230]
Event: 19.364 Thread 0x0000028487256000 Exception <a 'java/lang/ClassNotFoundException'{0x0000000087073148}: org/gradle/api/internal/plugins/DefaultObjectConfigurationActionCustomizer> (0x0000000087073148) thrown at [src/hotspot/share/classfile/systemDictionary.cpp, line 230]
Event: 20.117 Thread 0x0000028487256000 Exception <a 'java/lang/NoSuchMethodError'{0x00000000865aa9f0}: 'java.lang.Object java.lang.invoke.DirectMethodHandle$Holder.invokeStatic(java.lang.Object, java.lang.Object, java.lang.Object, java.lang.Object, int)'> (0x00000000865aa9f0) thrown at [src/hotspot/share/interpreter/linkResolver.cpp, line 773]
Event: 20.118 Thread 0x0000028487256000 Exception <a 'java/lang/NoSuchMethodError'{0x00000000865af3e8}: 'java.lang.Object java.lang.invoke.DirectMethodHandle$Holder.invokeSpecial(java.lang.Object, java.lang.Object, java.lang.Object, java.lang.Object, java.lang.Object, int)'> (0x00000000865af3e8) thrown at [src/hotspot/share/interpreter/linkResolver.cpp, line 773]
Event: 20.119 Thread 0x0000028487256000 Exception <a 'java/lang/NoSuchMethodError'{0x00000000865b3a28}: 'java.lang.Object java.lang.invoke.Invokers$Holder.linkToTargetMethod(java.lang.Object, java.lang.Object, java.lang.Object, int, java.lang.Object)'> (0x00000000865b3a28) thrown at [src/hotspot/share/interpreter/linkResolver.cpp, line 773]
Event: 20.154 Thread 0x0000028487256000 Exception <a 'java/lang/NoSuchMethodError'{0x000000008647afb8}: 'java.lang.Object java.lang.invoke.Invokers$Holder.linkToTargetMethod(java.lang.Object, int, int, java.lang.Object)'> (0x000000008647afb8) thrown at [src/hotspot/share/interpreter/linkResolver.cpp, line 773]
Event: 20.156 Thread 0x0000028487256000 Exception <a 'java/lang/NoSuchMethodError'{0x0000000086492b68}: 'java.lang.Object java.lang.invoke.DirectMethodHandle$Holder.invokeStatic(java.lang.Object, java.lang.Object, int, int, java.lang.Object, java.lang.Object)'> (0x0000000086492b68) thrown at [src/hotspot/share/interpreter/linkResolver.cpp, line 773]

Events (20 events):
Event: 20.607 loading class com/google/gson/FieldNamingPolicy$6
Event: 20.607 loading class com/google/gson/FieldNamingPolicy$6 done
Event: 20.607 loading class com/google/gson/ToNumberPolicy
Event: 20.607 loading class com/google/gson/ToNumberPolicy done
Event: 20.607 loading class com/google/gson/ToNumberPolicy$1
Event: 20.607 loading class com/google/gson/ToNumberPolicy$1 done
Event: 20.608 loading class com/google/gson/ToNumberPolicy$2
Event: 20.608 loading class com/google/gson/ToNumberPolicy$2 done
Event: 20.608 loading class com/google/gson/ToNumberPolicy$3
Event: 20.608 loading class com/google/gson/ToNumberPolicy$3 done
Event: 20.608 loading class com/google/gson/ToNumberPolicy$4
Event: 20.608 loading class com/google/gson/ToNumberPolicy$4 done
Event: 20.609 loading class com/google/gson/internal/LazilyParsedNumber
Event: 20.609 loading class com/google/gson/internal/LazilyParsedNumber done
Event: 20.609 loading class com/android/ide/common/blame/MessageJsonSerializer
Event: 20.609 loading class com/android/ide/common/blame/MessageJsonSerializer done
Event: 20.616 loading class com/android/ide/common/blame/Message$Kind
Event: 20.616 loading class com/android/ide/common/blame/Message$Kind done
Event: 20.626 loading class com/google/common/collect/EnumHashBiMap
Event: 20.626 loading class com/google/common/collect/EnumHashBiMap done


Dynamic libraries:
0x00007ff70e2a0000 - 0x00007ff70e2aa000 	C:\Program Files\Android\Android Studio1\jbr\bin\java.exe
0x00007ff8b3d70000 - 0x00007ff8b3f68000 	C:\WINDOWS\SYSTEM32\ntdll.dll
0x00007ff8b22e0000 - 0x00007ff8b239f000 	C:\WINDOWS\System32\KERNEL32.DLL
0x00007ff8b1b00000 - 0x00007ff8b1dd2000 	C:\WINDOWS\System32\KERNELBASE.dll
0x00007ff8b17a0000 - 0x00007ff8b18a0000 	C:\WINDOWS\System32\ucrtbase.dll
0x00007ff870a80000 - 0x00007ff870a97000 	C:\Program Files\Android\Android Studio1\jbr\bin\jli.dll
0x00007ff86ced0000 - 0x00007ff86ceeb000 	C:\Program Files\Android\Android Studio1\jbr\bin\VCRUNTIME140.dll
0x00007ff8b39d0000 - 0x00007ff8b3b71000 	C:\WINDOWS\System32\USER32.dll
0x00007ff897220000 - 0x00007ff8974ba000 	C:\WINDOWS\WinSxS\amd64_microsoft.windows.common-controls_6595b64144ccf1df_6.0.19041.1110_none_60b5254171f9507e\COMCTL32.dll
0x00007ff8b18f0000 - 0x00007ff8b1912000 	C:\WINDOWS\System32\win32u.dll
0x00007ff8b1e50000 - 0x00007ff8b1eee000 	C:\WINDOWS\System32\msvcrt.dll
0x00007ff8b26e0000 - 0x00007ff8b270b000 	C:\WINDOWS\System32\GDI32.dll
0x00007ff8b1920000 - 0x00007ff8b1a2f000 	C:\WINDOWS\System32\gdi32full.dll
0x00007ff8b1a30000 - 0x00007ff8b1acd000 	C:\WINDOWS\System32\msvcp_win.dll
0x00007ff8b23a0000 - 0x00007ff8b23d0000 	C:\WINDOWS\System32\IMM32.DLL
0x00007ff870bf0000 - 0x00007ff870bfc000 	C:\Program Files\Android\Android Studio1\jbr\bin\vcruntime140_1.dll
0x00007ff86b3f0000 - 0x00007ff86b47d000 	C:\Program Files\Android\Android Studio1\jbr\bin\msvcp140.dll
0x00007ff86c2b0000 - 0x00007ff86ce6c000 	C:\Program Files\Android\Android Studio1\jbr\bin\server\jvm.dll
0x00007ff8b2b90000 - 0x00007ff8b2c3e000 	C:\WINDOWS\System32\ADVAPI32.dll
0x00007ff8b2e70000 - 0x00007ff8b2f0c000 	C:\WINDOWS\System32\sechost.dll
0x00007ff8b23d0000 - 0x00007ff8b24f4000 	C:\WINDOWS\System32\RPCRT4.dll
0x00007ff8b2210000 - 0x00007ff8b2218000 	C:\WINDOWS\System32\PSAPI.DLL
0x00007ff88d650000 - 0x00007ff88d659000 	C:\WINDOWS\SYSTEM32\WSOCK32.dll
0x00007ff8a3310000 - 0x00007ff8a331a000 	C:\WINDOWS\SYSTEM32\VERSION.dll
0x00007ff898340000 - 0x00007ff898367000 	C:\WINDOWS\SYSTEM32\WINMM.dll
0x00007ff8b3b80000 - 0x00007ff8b3beb000 	C:\WINDOWS\System32\WS2_32.dll
0x00007ff8af3a0000 - 0x00007ff8af3b2000 	C:\WINDOWS\SYSTEM32\kernel.appcore.dll
0x00007ff888ed0000 - 0x00007ff888ee0000 	C:\Program Files\Android\Android Studio1\jbr\bin\verify.dll
0x00007ff8a3680000 - 0x00007ff8a3864000 	C:\WINDOWS\SYSTEM32\DBGHELP.DLL
0x00007ff8a3640000 - 0x00007ff8a3675000 	C:\WINDOWS\SYSTEM32\dbgcore.DLL
0x00007ff8b1710000 - 0x00007ff8b1792000 	C:\WINDOWS\System32\bcryptPrimitives.dll
0x00007ff888fa0000 - 0x00007ff888fc8000 	C:\Program Files\Android\Android Studio1\jbr\bin\java.dll
0x00007ff888f90000 - 0x00007ff888f9a000 	C:\Program Files\Android\Android Studio1\jbr\bin\jimage.dll
0x00007ff888eb0000 - 0x00007ff888ec8000 	C:\Program Files\Android\Android Studio1\jbr\bin\zip.dll
0x00007ff8b3280000 - 0x00007ff8b39c5000 	C:\WINDOWS\System32\SHELL32.dll
0x00007ff8af5a0000 - 0x00007ff8afd32000 	C:\WINDOWS\SYSTEM32\windows.storage.dll
0x00007ff8b2f20000 - 0x00007ff8b3275000 	C:\WINDOWS\System32\combase.dll
0x00007ff8b0da0000 - 0x00007ff8b0dd0000 	C:\WINDOWS\SYSTEM32\Wldp.dll
0x00007ff8b2500000 - 0x00007ff8b25ad000 	C:\WINDOWS\System32\SHCORE.dll
0x00007ff8b2220000 - 0x00007ff8b2275000 	C:\WINDOWS\System32\shlwapi.dll
0x00007ff8b1440000 - 0x00007ff8b145f000 	C:\WINDOWS\SYSTEM32\profapi.dll
0x00007ff888e90000 - 0x00007ff888ea9000 	C:\Program Files\Android\Android Studio1\jbr\bin\net.dll
0x00007ff8a8850000 - 0x00007ff8a895a000 	C:\WINDOWS\SYSTEM32\WINHTTP.dll
0x00007ff8b0b80000 - 0x00007ff8b0bea000 	C:\WINDOWS\system32\mswsock.dll
0x00007ff86e0d0000 - 0x00007ff86e0e3000 	C:\Program Files\Android\Android Studio1\jbr\bin\nio.dll
0x00007ff88dd80000 - 0x00007ff88dda7000 	C:\Users\ccs-46\.gradle\native\e1d6ef7f7dcc3fd88c89a11ec53ec762bb8ba0a96d01ffa2cd45eb1d1d8dd5c5\windows-amd64\native-platform.dll
0x00007ff859940000 - 0x00007ff859a84000 	C:\Users\ccs-46\.gradle\native\0d407fdbe67a94daf76414ababcb853783967236a71b16ec16e742cd7a986fd3\windows-amd64\native-platform-file-events.dll
0x00007ff889110000 - 0x00007ff88911a000 	C:\Program Files\Android\Android Studio1\jbr\bin\management.dll
0x00007ff889100000 - 0x00007ff88910b000 	C:\Program Files\Android\Android Studio1\jbr\bin\management_ext.dll
0x00007ff8b0f90000 - 0x00007ff8b0fa8000 	C:\WINDOWS\SYSTEM32\CRYPTSP.dll
0x00007ff8b04c0000 - 0x00007ff8b04f4000 	C:\WINDOWS\system32\rsaenh.dll
0x00007ff8b1ad0000 - 0x00007ff8b1af7000 	C:\WINDOWS\System32\bcrypt.dll
0x00007ff8b13c0000 - 0x00007ff8b13ee000 	C:\WINDOWS\SYSTEM32\USERENV.dll
0x00007ff8b0d10000 - 0x00007ff8b0d1c000 	C:\WINDOWS\SYSTEM32\CRYPTBASE.dll
0x00007ff8b0890000 - 0x00007ff8b08cb000 	C:\WINDOWS\SYSTEM32\IPHLPAPI.DLL
0x00007ff8b2f10000 - 0x00007ff8b2f18000 	C:\WINDOWS\System32\NSI.dll
0x00007ff8a8bf0000 - 0x00007ff8a8c07000 	C:\WINDOWS\SYSTEM32\dhcpcsvc6.DLL
0x00007ff8a8ce0000 - 0x00007ff8a8cfd000 	C:\WINDOWS\SYSTEM32\dhcpcsvc.DLL
0x00007ff8b08d0000 - 0x00007ff8b099b000 	C:\WINDOWS\SYSTEM32\DNSAPI.dll

dbghelp: loaded successfully - version: 4.0.5 - missing functions: none
symbol engine: initialized successfully - sym options: 0x614 - pdb path: .;C:\Program Files\Android\Android Studio1\jbr\bin;C:\WINDOWS\SYSTEM32;C:\WINDOWS\WinSxS\amd64_microsoft.windows.common-controls_6595b64144ccf1df_6.0.19041.1110_none_60b5254171f9507e;C:\Program Files\Android\Android Studio1\jbr\bin\server;C:\Users\ccs-46\.gradle\native\e1d6ef7f7dcc3fd88c89a11ec53ec762bb8ba0a96d01ffa2cd45eb1d1d8dd5c5\windows-amd64;C:\Users\ccs-46\.gradle\native\0d407fdbe67a94daf76414ababcb853783967236a71b16ec16e742cd7a986fd3\windows-amd64

VM Arguments:
jvm_args: --add-opens=java.base/java.util=ALL-UNNAMED --add-opens=java.base/java.lang=ALL-UNNAMED --add-opens=java.base/java.lang.invoke=ALL-UNNAMED --add-opens=java.base/java.util=ALL-UNNAMED --add-opens=java.prefs/java.util.prefs=ALL-UNNAMED --add-opens=java.prefs/java.util.prefs=ALL-UNNAMED --add-opens=java.base/java.nio.charset=ALL-UNNAMED --add-opens=java.base/java.net=ALL-UNNAMED --add-opens=java.base/java.util.concurrent.atomic=ALL-UNNAMED -Xmx2048m -Dfile.encoding=UTF-8 -Duser.country=US -Duser.language=en -Duser.variant 
java_command: org.gradle.launcher.daemon.bootstrap.GradleDaemon 7.5
java_class_path (initial): C:\Users\ccs-46\.gradle\wrapper\dists\gradle-7.5-bin\f1w0cc9nuo0eivz97x2xlu9sv\gradle-7.5\lib\gradle-launcher-7.5.jar
Launcher Type: SUN_STANDARD

[Global flags]
     intx CICompilerCount                          = 3                                         {product} {ergonomic}
     uint ConcGCThreads                            = 1                                         {product} {ergonomic}
     uint G1ConcRefinementThreads                  = 4                                         {product} {ergonomic}
   size_t G1HeapRegionSize                         = 1048576                                   {product} {ergonomic}
    uintx GCDrainStackTargetSize                   = 64                                        {product} {ergonomic}
   size_t InitialHeapSize                          = 134217728                                 {product} {ergonomic}
   size_t MarkStackSize                            = 4194304                                   {product} {ergonomic}
   size_t MaxHeapSize                              = 2147483648                                {product} {command line}
   size_t MaxNewSize                               = 1287651328                                {product} {ergonomic}
   size_t MinHeapDeltaBytes                        = 1048576                                   {product} {ergonomic}
    uintx NonNMethodCodeHeapSize                   = 5830732                                {pd product} {ergonomic}
    uintx NonProfiledCodeHeapSize                  = 122913754                              {pd product} {ergonomic}
    uintx ProfiledCodeHeapSize                     = 122913754                              {pd product} {ergonomic}
    uintx ReservedCodeCacheSize                    = 251658240                              {pd product} {ergonomic}
     bool SegmentedCodeCache                       = true                                      {product} {ergonomic}
     bool UseCompressedClassPointers               = true                                 {lp64_product} {ergonomic}
     bool UseCompressedOops                        = true                                 {lp64_product} {ergonomic}
     bool UseG1GC                                  = true                                      {product} {ergonomic}
     bool UseLargePagesIndividualAllocation        = false                                  {pd product} {ergonomic}

Logging:
Log output configuration:
 #0: stdout all=warning uptime,level,tags
 #1: stderr all=off uptime,level,tags

Environment Variables:
PATH=D:\python\Scripts\;D:\python\;C:\Program Files (x86)\Common Files\Oracle\Java\javapath;C:\WINDOWS\system32;C:\WINDOWS;C:\WINDOWS\System32\Wbem;C:\WINDOWS\System32\WindowsPowerShell\v1.0\;C:\WINDOWS\System32\OpenSSH\;C:\Users\ccs-46\AppData\Local\Microsoft\WindowsApps;
USERNAME=ccs-46
OS=Windows_NT
PROCESSOR_IDENTIFIER=Intel64 Family 6 Model 58 Stepping 9, GenuineIntel



---------------  S Y S T E M  ---------------

OS: Windows 10 , 64 bit Build 19041 (10.0.19041.2546)
OS uptime: 0 days 0:06 hours
Hyper-V role detected

CPU:total 4 (initial active 4) (2 cores per cpu, 2 threads per core) family 6 model 58 stepping 9 microcode 0x21, cmov, cx8, fxsr, mmx, sse, sse2, sse3, ssse3, sse4.1, sse4.2, popcnt, avx, clmul, erms, ht, tsc, tscinvbit, tscinv

Memory: 4k page, system-wide physical 8072M (3706M free)
TotalPageFile size 9352M (AvailPageFile size 5311M)
current process WorkingSet (physical memory assigned to process): 313M, peak: 313M
current process commit charge ("private bytes"): 368M, peak: 368M

vm_info: OpenJDK 64-Bit Server VM (11.0.15+0-b2043.56-9505619) for windows-amd64 JRE (11.0.15+0-b2043.56-9505619), built on Jan 19 2023 02:48:00 by "builduser" with unknown MS VC++:1929

END.
